{
  "RSpec": {
    "coverage": {
      "/Users/astarte/MyCodeExperiments/RefactoringRubyEdition/spec/customer_spec.rb": [
        1,
        1,
        1,
        null,
        1,
        4,
        3,
        3,
        null,
        1,
        1,
        null,
        null,
        1,
        1,
        1,
        null,
        null,
        1,
        1,
        null,
        null,
        null,
        1,
        null,
        null,
        null,
        null,
        null,
        1,
        1,
        null,
        null
      ],
      "/Users/astarte/MyCodeExperiments/RefactoringRubyEdition/lib/customer.rb": [
        1,
        1,
        null,
        1,
        1,
        null,
        1,
        4,
        4,
        null,
        null,
        1,
        3,
        null,
        null,
        1,
        2,
        2,
        2,
        null,
        2,
        null,
        null,
        2,
        null,
        null,
        null,
        null,
        2,
        2,
        2,
        null,
        null,
        1,
        null,
        1,
        2,
        2,
        2,
        null,
        2,
        null,
        null,
        null,
        1,
        1,
        1,
        1,
        1,
        1
      ],
      "/Users/astarte/MyCodeExperiments/RefactoringRubyEdition/lib/movie.rb": [
        null,
        1,
        1,
        1,
        1,
        null,
        1,
        1,
        null,
        1,
        3,
        3,
        null,
        null
      ],
      "/Users/astarte/MyCodeExperiments/RefactoringRubyEdition/lib/rental.rb": [
        1,
        null,
        1,
        1,
        null,
        1,
        5,
        5,
        null,
        null,
        1,
        3,
        3,
        null,
        2,
        2,
        null,
        1,
        null,
        0,
        0,
        null,
        3,
        null,
        null,
        1,
        2,
        null,
        null,
        1,
        null,
        1,
        2,
        null,
        null
      ],
      "/Users/astarte/MyCodeExperiments/RefactoringRubyEdition/spec/movie_spec.rb": [
        1,
        null,
        1,
        3,
        null,
        1,
        1,
        null,
        null,
        1,
        1,
        null,
        null
      ],
      "/Users/astarte/MyCodeExperiments/RefactoringRubyEdition/spec/rental_spec.rb": [
        1,
        null,
        1,
        5,
        5,
        null,
        1,
        1,
        null,
        null,
        1,
        1,
        null,
        null,
        1,
        1,
        null,
        null,
        1,
        1,
        null,
        null
      ]
    },
    "timestamp": 1513876351
  }
}
